#! /usr/bin/vvp
:ivl_version "12.0 (stable)" "(v12_0-dirty)";
:ivl_delay_selection "TYPICAL";
:vpi_time_precision - 12;
:vpi_module "/usr/lib/ivl/system.vpi";
:vpi_module "/usr/lib/ivl/vhdl_sys.vpi";
:vpi_module "/usr/lib/ivl/vhdl_textio.vpi";
:vpi_module "/usr/lib/ivl/v2005_math.vpi";
:vpi_module "/usr/lib/ivl/va_math.vpi";
S_0x5f0ecedcaba0 .scope module, "testcontrol" "testcontrol" 2 3;
 .timescale -9 -12;
v0x5f0ecee017e0_0 .net "AS", 0 0, v0x5f0ecedd4670_0;  1 drivers
v0x5f0ecee018a0_0 .net "LA0", 0 0, v0x5f0ecee00b20_0;  1 drivers
v0x5f0ecee01970_0 .net "LA1", 0 0, v0x5f0ecee00be0_0;  1 drivers
v0x5f0ecee01a70_0 .net "LM", 0 0, v0x5f0ecee00cb0_0;  1 drivers
v0x5f0ecee01b40_0 .net "LQ0", 0 0, v0x5f0ecee00d70_0;  1 drivers
v0x5f0ecee01be0_0 .net "LQ1", 0 0, v0x5f0ecee00e80_0;  1 drivers
v0x5f0ecee01cb0_0 .var "Q0", 0 0;
v0x5f0ecee01d80_0 .var "Qm1", 0 0;
v0x5f0ecee01e50_0 .var "clock", 0 0;
v0x5f0ecee01f20_0 .net "done", 0 0, v0x5f0ecee01420_0;  1 drivers
v0x5f0ecee01ff0_0 .var "reset", 0 0;
v0x5f0ecee020c0_0 .var "start", 0 0;
S_0x5f0ecedcad30 .scope module, "uut" "FSM" 2 11, 3 1 0, S_0x5f0ecedcaba0;
 .timescale 0 0;
    .port_info 0 /OUTPUT 1 "LM";
    .port_info 1 /OUTPUT 1 "LA0";
    .port_info 2 /OUTPUT 1 "LA1";
    .port_info 3 /OUTPUT 1 "LQ0";
    .port_info 4 /OUTPUT 1 "LQ1";
    .port_info 5 /OUTPUT 1 "AS";
    .port_info 6 /OUTPUT 1 "done";
    .port_info 7 /INPUT 1 "clock";
    .port_info 8 /INPUT 1 "Qm1";
    .port_info 9 /INPUT 1 "Q0";
    .port_info 10 /INPUT 1 "start";
    .port_info 11 /INPUT 1 "reset";
P_0x5f0ecede1720 .param/l "Add" 0 3 28, C4<0>;
P_0x5f0ecede1760 .param/l "HD" 0 3 30, C4<0>;
P_0x5f0ecede17a0 .param/l "LD" 0 3 30, C4<1>;
P_0x5f0ecede17e0 .param/l "Sub" 0 3 28, C4<1>;
P_0x5f0ecede1820 .param/l "s0" 0 3 22, C4<000>;
P_0x5f0ecede1860 .param/l "s1" 0 3 22, C4<001>;
P_0x5f0ecede18a0 .param/l "s2" 0 3 22, C4<010>;
P_0x5f0ecede18e0 .param/l "s3" 0 3 22, C4<011>;
P_0x5f0ecede1920 .param/l "s4" 0 3 22, C4<100>;
v0x5f0ecedd4670_0 .var "AS", 0 0;
v0x5f0ecee00b20_0 .var "LA0", 0 0;
v0x5f0ecee00be0_0 .var "LA1", 0 0;
v0x5f0ecee00cb0_0 .var "LM", 0 0;
v0x5f0ecee00d70_0 .var "LQ0", 0 0;
v0x5f0ecee00e80_0 .var "LQ1", 0 0;
v0x5f0ecee00f40_0 .var "NEXT_STATE", 2 0;
v0x5f0ecee01020_0 .net "Q0", 0 0, v0x5f0ecee01cb0_0;  1 drivers
v0x5f0ecee010e0_0 .net "Qm1", 0 0, v0x5f0ecee01d80_0;  1 drivers
v0x5f0ecee011a0_0 .var "ST", 2 0;
v0x5f0ecee01280_0 .net "clock", 0 0, v0x5f0ecee01e50_0;  1 drivers
v0x5f0ecee01340_0 .var "count", 1 0;
v0x5f0ecee01420_0 .var "done", 0 0;
v0x5f0ecee014e0_0 .net "reset", 0 0, v0x5f0ecee01ff0_0;  1 drivers
v0x5f0ecee015a0_0 .net "start", 0 0, v0x5f0ecee020c0_0;  1 drivers
E_0x5f0ecedd2be0 .event posedge, v0x5f0ecee014e0_0, v0x5f0ecee01280_0;
E_0x5f0ecedd32c0/0 .event anyedge, v0x5f0ecee01340_0, v0x5f0ecee01020_0, v0x5f0ecee010e0_0, v0x5f0ecee011a0_0;
E_0x5f0ecedd32c0/1 .event anyedge, v0x5f0ecee015a0_0;
E_0x5f0ecedd32c0 .event/or E_0x5f0ecedd32c0/0, E_0x5f0ecedd32c0/1;
    .scope S_0x5f0ecedcad30;
T_0 ;
    %wait E_0x5f0ecedd32c0;
    %load/vec4 v0x5f0ecee011a0_0;
    %store/vec4 v0x5f0ecee00f40_0, 0, 3;
    %pushi/vec4 0, 0, 1;
    %store/vec4 v0x5f0ecee00cb0_0, 0, 1;
    %pushi/vec4 3, 0, 2;
    %split/vec4 1;
    %store/vec4 v0x5f0ecee00b20_0, 0, 1;
    %store/vec4 v0x5f0ecee00be0_0, 0, 1;
    %pushi/vec4 3, 0, 2;
    %split/vec4 1;
    %store/vec4 v0x5f0ecee00d70_0, 0, 1;
    %store/vec4 v0x5f0ecee00e80_0, 0, 1;
    %pushi/vec4 0, 0, 1;
    %store/vec4 v0x5f0ecedd4670_0, 0, 1;
    %load/vec4 v0x5f0ecee011a0_0;
    %dup/vec4;
    %pushi/vec4 0, 0, 3;
    %cmp/u;
    %jmp/1 T_0.0, 6;
    %dup/vec4;
    %pushi/vec4 1, 0, 3;
    %cmp/u;
    %jmp/1 T_0.1, 6;
    %dup/vec4;
    %pushi/vec4 2, 0, 3;
    %cmp/u;
    %jmp/1 T_0.2, 6;
    %dup/vec4;
    %pushi/vec4 3, 0, 3;
    %cmp/u;
    %jmp/1 T_0.3, 6;
    %dup/vec4;
    %pushi/vec4 4, 0, 3;
    %cmp/u;
    %jmp/1 T_0.4, 6;
    %pushi/vec4 0, 0, 3;
    %store/vec4 v0x5f0ecee00f40_0, 0, 3;
    %pushi/vec4 0, 0, 1;
    %store/vec4 v0x5f0ecee00cb0_0, 0, 1;
    %pushi/vec4 3, 0, 2;
    %split/vec4 1;
    %store/vec4 v0x5f0ecee00b20_0, 0, 1;
    %store/vec4 v0x5f0ecee00be0_0, 0, 1;
    %pushi/vec4 3, 0, 2;
    %split/vec4 1;
    %store/vec4 v0x5f0ecee00d70_0, 0, 1;
    %store/vec4 v0x5f0ecee00e80_0, 0, 1;
    %pushi/vec4 0, 0, 1;
    %store/vec4 v0x5f0ecedd4670_0, 0, 1;
    %jmp T_0.6;
T_0.0 ;
    %load/vec4 v0x5f0ecee015a0_0;
    %cmpi/e 1, 0, 1;
    %jmp/0xz  T_0.7, 4;
    %pushi/vec4 1, 0, 1;
    %store/vec4 v0x5f0ecee00cb0_0, 0, 1;
    %pushi/vec4 1, 0, 2;
    %split/vec4 1;
    %store/vec4 v0x5f0ecee00b20_0, 0, 1;
    %store/vec4 v0x5f0ecee00be0_0, 0, 1;
    %pushi/vec4 0, 0, 2;
    %split/vec4 1;
    %store/vec4 v0x5f0ecee00d70_0, 0, 1;
    %store/vec4 v0x5f0ecee00e80_0, 0, 1;
    %pushi/vec4 0, 0, 1;
    %store/vec4 v0x5f0ecedd4670_0, 0, 1;
    %pushi/vec4 1, 0, 3;
    %store/vec4 v0x5f0ecee00f40_0, 0, 3;
    %jmp T_0.8;
T_0.7 ;
    %pushi/vec4 0, 0, 3;
    %store/vec4 v0x5f0ecee00f40_0, 0, 3;
T_0.8 ;
    %jmp T_0.6;
T_0.1 ;
    %load/vec4 v0x5f0ecee01020_0;
    %load/vec4 v0x5f0ecee010e0_0;
    %concat/vec4; draw_concat_vec4
    %dup/vec4;
    %pushi/vec4 1, 0, 2;
    %cmp/u;
    %jmp/1 T_0.9, 6;
    %dup/vec4;
    %pushi/vec4 2, 0, 2;
    %cmp/u;
    %jmp/1 T_0.10, 6;
    %dup/vec4;
    %pushi/vec4 0, 0, 2;
    %cmp/u;
    %jmp/1 T_0.11, 6;
    %dup/vec4;
    %pushi/vec4 3, 0, 2;
    %cmp/u;
    %jmp/1 T_0.12, 6;
    %pushi/vec4 4, 0, 3;
    %store/vec4 v0x5f0ecee00f40_0, 0, 3;
    %jmp T_0.14;
T_0.9 ;
    %pushi/vec4 0, 0, 1;
    %store/vec4 v0x5f0ecee00cb0_0, 0, 1;
    %pushi/vec4 0, 0, 2;
    %split/vec4 1;
    %store/vec4 v0x5f0ecee00b20_0, 0, 1;
    %store/vec4 v0x5f0ecee00be0_0, 0, 1;
    %pushi/vec4 3, 0, 2;
    %split/vec4 1;
    %store/vec4 v0x5f0ecee00d70_0, 0, 1;
    %store/vec4 v0x5f0ecee00e80_0, 0, 1;
    %pushi/vec4 0, 0, 1;
    %store/vec4 v0x5f0ecedd4670_0, 0, 1;
    %pushi/vec4 2, 0, 3;
    %store/vec4 v0x5f0ecee00f40_0, 0, 3;
    %jmp T_0.14;
T_0.10 ;
    %pushi/vec4 0, 0, 1;
    %store/vec4 v0x5f0ecee00cb0_0, 0, 1;
    %pushi/vec4 0, 0, 2;
    %split/vec4 1;
    %store/vec4 v0x5f0ecee00b20_0, 0, 1;
    %store/vec4 v0x5f0ecee00be0_0, 0, 1;
    %pushi/vec4 3, 0, 2;
    %split/vec4 1;
    %store/vec4 v0x5f0ecee00d70_0, 0, 1;
    %store/vec4 v0x5f0ecee00e80_0, 0, 1;
    %pushi/vec4 1, 0, 1;
    %store/vec4 v0x5f0ecedd4670_0, 0, 1;
    %pushi/vec4 3, 0, 3;
    %store/vec4 v0x5f0ecee00f40_0, 0, 3;
    %jmp T_0.14;
T_0.11 ;
    %pushi/vec4 0, 0, 1;
    %store/vec4 v0x5f0ecee00cb0_0, 0, 1;
    %pushi/vec4 3, 0, 2;
    %split/vec4 1;
    %store/vec4 v0x5f0ecee00b20_0, 0, 1;
    %store/vec4 v0x5f0ecee00be0_0, 0, 1;
    %pushi/vec4 3, 0, 2;
    %split/vec4 1;
    %store/vec4 v0x5f0ecee00d70_0, 0, 1;
    %store/vec4 v0x5f0ecee00e80_0, 0, 1;
    %pushi/vec4 0, 0, 1;
    %store/vec4 v0x5f0ecedd4670_0, 0, 1;
    %pushi/vec4 4, 0, 3;
    %store/vec4 v0x5f0ecee00f40_0, 0, 3;
    %jmp T_0.14;
T_0.12 ;
    %pushi/vec4 0, 0, 1;
    %store/vec4 v0x5f0ecee00cb0_0, 0, 1;
    %pushi/vec4 3, 0, 2;
    %split/vec4 1;
    %store/vec4 v0x5f0ecee00b20_0, 0, 1;
    %store/vec4 v0x5f0ecee00be0_0, 0, 1;
    %pushi/vec4 3, 0, 2;
    %split/vec4 1;
    %store/vec4 v0x5f0ecee00d70_0, 0, 1;
    %store/vec4 v0x5f0ecee00e80_0, 0, 1;
    %pushi/vec4 0, 0, 1;
    %store/vec4 v0x5f0ecedd4670_0, 0, 1;
    %pushi/vec4 4, 0, 3;
    %store/vec4 v0x5f0ecee00f40_0, 0, 3;
    %jmp T_0.14;
T_0.14 ;
    %pop/vec4 1;
    %jmp T_0.6;
T_0.2 ;
    %pushi/vec4 0, 0, 1;
    %store/vec4 v0x5f0ecee00cb0_0, 0, 1;
    %pushi/vec4 2, 0, 2;
    %split/vec4 1;
    %store/vec4 v0x5f0ecee00b20_0, 0, 1;
    %store/vec4 v0x5f0ecee00be0_0, 0, 1;
    %pushi/vec4 2, 0, 2;
    %split/vec4 1;
    %store/vec4 v0x5f0ecee00d70_0, 0, 1;
    %store/vec4 v0x5f0ecee00e80_0, 0, 1;
    %pushi/vec4 0, 0, 1;
    %store/vec4 v0x5f0ecedd4670_0, 0, 1;
    %pushi/vec4 4, 0, 3;
    %store/vec4 v0x5f0ecee00f40_0, 0, 3;
    %jmp T_0.6;
T_0.3 ;
    %pushi/vec4 0, 0, 1;
    %store/vec4 v0x5f0ecee00cb0_0, 0, 1;
    %pushi/vec4 2, 0, 2;
    %split/vec4 1;
    %store/vec4 v0x5f0ecee00b20_0, 0, 1;
    %store/vec4 v0x5f0ecee00be0_0, 0, 1;
    %pushi/vec4 2, 0, 2;
    %split/vec4 1;
    %store/vec4 v0x5f0ecee00d70_0, 0, 1;
    %store/vec4 v0x5f0ecee00e80_0, 0, 1;
    %pushi/vec4 1, 0, 1;
    %store/vec4 v0x5f0ecedd4670_0, 0, 1;
    %pushi/vec4 4, 0, 3;
    %store/vec4 v0x5f0ecee00f40_0, 0, 3;
    %jmp T_0.6;
T_0.4 ;
    %pushi/vec4 0, 0, 1;
    %store/vec4 v0x5f0ecee00cb0_0, 0, 1;
    %pushi/vec4 2, 0, 2;
    %split/vec4 1;
    %store/vec4 v0x5f0ecee00b20_0, 0, 1;
    %store/vec4 v0x5f0ecee00be0_0, 0, 1;
    %pushi/vec4 2, 0, 2;
    %split/vec4 1;
    %store/vec4 v0x5f0ecee00d70_0, 0, 1;
    %store/vec4 v0x5f0ecee00e80_0, 0, 1;
    %pushi/vec4 0, 0, 1;
    %store/vec4 v0x5f0ecedd4670_0, 0, 1;
    %load/vec4 v0x5f0ecee01340_0;
    %cmpi/e 3, 0, 2;
    %jmp/0xz  T_0.15, 4;
    %pushi/vec4 0, 0, 3;
    %store/vec4 v0x5f0ecee00f40_0, 0, 3;
    %jmp T_0.16;
T_0.15 ;
    %pushi/vec4 1, 0, 3;
    %store/vec4 v0x5f0ecee00f40_0, 0, 3;
T_0.16 ;
    %jmp T_0.6;
T_0.6 ;
    %pop/vec4 1;
    %jmp T_0;
    .thread T_0, $push;
    .scope S_0x5f0ecedcad30;
T_1 ;
    %wait E_0x5f0ecedd2be0;
    %load/vec4 v0x5f0ecee014e0_0;
    %flag_set/vec4 8;
    %jmp/0xz  T_1.0, 8;
    %pushi/vec4 0, 0, 3;
    %assign/vec4 v0x5f0ecee011a0_0, 0;
    %pushi/vec4 0, 0, 2;
    %assign/vec4 v0x5f0ecee01340_0, 0;
    %pushi/vec4 0, 0, 1;
    %assign/vec4 v0x5f0ecee01420_0, 0;
    %jmp T_1.1;
T_1.0 ;
    %load/vec4 v0x5f0ecee00f40_0;
    %assign/vec4 v0x5f0ecee011a0_0, 0;
    %load/vec4 v0x5f0ecee011a0_0;
    %cmpi/e 4, 0, 3;
    %jmp/0xz  T_1.2, 4;
    %load/vec4 v0x5f0ecee01340_0;
    %addi 1, 0, 2;
    %assign/vec4 v0x5f0ecee01340_0, 0;
T_1.2 ;
    %load/vec4 v0x5f0ecee011a0_0;
    %cmpi/e 0, 0, 3;
    %flag_get/vec4 4;
    %jmp/0 T_1.6, 4;
    %load/vec4 v0x5f0ecee015a0_0;
    %pushi/vec4 1, 0, 1;
    %cmp/e;
    %flag_get/vec4 4;
    %and;
T_1.6;
    %flag_set/vec4 8;
    %jmp/0xz  T_1.4, 8;
    %pushi/vec4 0, 0, 2;
    %assign/vec4 v0x5f0ecee01340_0, 0;
    %pushi/vec4 0, 0, 1;
    %assign/vec4 v0x5f0ecee01420_0, 0;
T_1.4 ;
T_1.1 ;
    %jmp T_1;
    .thread T_1;
    .scope S_0x5f0ecedcaba0;
T_2 ;
    %pushi/vec4 0, 0, 1;
    %store/vec4 v0x5f0ecee01e50_0, 0, 1;
T_2.0 ;
    %delay 5000, 0;
    %load/vec4 v0x5f0ecee01e50_0;
    %inv;
    %store/vec4 v0x5f0ecee01e50_0, 0, 1;
    %jmp T_2.0;
    %end;
    .thread T_2;
    .scope S_0x5f0ecedcaba0;
T_3 ;
    %pushi/vec4 1, 0, 1;
    %store/vec4 v0x5f0ecee01ff0_0, 0, 1;
    %pushi/vec4 0, 0, 1;
    %store/vec4 v0x5f0ecee020c0_0, 0, 1;
    %pushi/vec4 0, 0, 1;
    %store/vec4 v0x5f0ecee01d80_0, 0, 1;
    %pushi/vec4 0, 0, 1;
    %store/vec4 v0x5f0ecee01cb0_0, 0, 1;
    %delay 10000, 0;
    %pushi/vec4 0, 0, 1;
    %store/vec4 v0x5f0ecee01ff0_0, 0, 1;
    %delay 10000, 0;
    %pushi/vec4 1, 0, 1;
    %store/vec4 v0x5f0ecee020c0_0, 0, 1;
    %delay 10000, 0;
    %pushi/vec4 0, 0, 1;
    %store/vec4 v0x5f0ecee020c0_0, 0, 1;
    %pushi/vec4 1, 0, 1;
    %store/vec4 v0x5f0ecee01cb0_0, 0, 1;
    %pushi/vec4 0, 0, 1;
    %store/vec4 v0x5f0ecee01d80_0, 0, 1;
    %delay 10000, 0;
    %pushi/vec4 0, 0, 1;
    %store/vec4 v0x5f0ecee01cb0_0, 0, 1;
    %pushi/vec4 1, 0, 1;
    %store/vec4 v0x5f0ecee01d80_0, 0, 1;
    %delay 10000, 0;
    %pushi/vec4 0, 0, 1;
    %store/vec4 v0x5f0ecee01cb0_0, 0, 1;
    %pushi/vec4 0, 0, 1;
    %store/vec4 v0x5f0ecee01d80_0, 0, 1;
    %delay 10000, 0;
    %pushi/vec4 1, 0, 1;
    %store/vec4 v0x5f0ecee01cb0_0, 0, 1;
    %pushi/vec4 1, 0, 1;
    %store/vec4 v0x5f0ecee01d80_0, 0, 1;
    %delay 10000, 0;
    %delay 50000, 0;
    %vpi_call 2 59 "$finish" {0 0 0};
    %end;
    .thread T_3;
    .scope S_0x5f0ecedcaba0;
T_4 ;
    %vpi_call 2 64 "$display", "clk | reset | start | Qm1 Q0 | LM | LA1 LA0 | LQ1 LQ0 | AS | done" {0 0 0};
    %vpi_call 2 65 "$monitor", "%b   |   %b   |   %b   |  %b %b | %b |   %b %b   |  %b %b |  %b | %b", v0x5f0ecee01e50_0, v0x5f0ecee01ff0_0, v0x5f0ecee020c0_0, v0x5f0ecee01d80_0, v0x5f0ecee01cb0_0, v0x5f0ecee01a70_0, v0x5f0ecee01970_0, v0x5f0ecee018a0_0, v0x5f0ecee01be0_0, v0x5f0ecee01b40_0, v0x5f0ecee017e0_0, v0x5f0ecee01f20_0 {0 0 0};
    %end;
    .thread T_4;
# The file index is used to find the file name in the following table.
:file_names 4;
    "N/A";
    "<interactive>";
    "testcontrol.v";
    "control.v";
