#! /usr/bin/vvp
:ivl_version "12.0 (stable)" "(v12_0-dirty)";
:ivl_delay_selection "TYPICAL";
:vpi_time_precision - 12;
:vpi_module "/usr/lib/ivl/system.vpi";
:vpi_module "/usr/lib/ivl/vhdl_sys.vpi";
:vpi_module "/usr/lib/ivl/vhdl_textio.vpi";
:vpi_module "/usr/lib/ivl/v2005_math.vpi";
:vpi_module "/usr/lib/ivl/va_math.vpi";
S_0x5b17f99dea10 .scope module, "test" "test" 2 5;
 .timescale -9 -12;
v0x5b17f9a03240_0 .var "a", 0 0;
v0x5b17f9a03300_0 .var "b", 0 0;
v0x5b17f9a033d0_0 .var "c", 0 0;
v0x5b17f9a034d0_0 .net "v", 0 0, L_0x5b17f9a03950;  1 drivers
S_0x5b17f99f1ab0 .scope module, "uut" "voter" 2 11, 3 5 0, S_0x5b17f99dea10;
 .timescale -9 -12;
    .port_info 0 /INPUT 1 "a";
    .port_info 1 /INPUT 1 "b";
    .port_info 2 /INPUT 1 "c";
    .port_info 3 /OUTPUT 1 "y";
L_0x5b17f9a035a0 .functor AND 1, v0x5b17f9a03240_0, v0x5b17f9a03300_0, C4<1>, C4<1>;
L_0x5b17f9a036e0 .functor AND 1, v0x5b17f9a03240_0, v0x5b17f9a033d0_0, C4<1>, C4<1>;
L_0x5b17f9a037a0 .functor OR 1, L_0x5b17f9a035a0, L_0x5b17f9a036e0, C4<0>, C4<0>;
L_0x5b17f9a038b0 .functor AND 1, v0x5b17f9a03300_0, v0x5b17f9a033d0_0, C4<1>, C4<1>;
L_0x5b17f9a03950 .functor OR 1, L_0x5b17f9a037a0, L_0x5b17f9a038b0, C4<0>, C4<0>;
v0x5b17f99f1d00_0 .net *"_ivl_0", 0 0, L_0x5b17f9a035a0;  1 drivers
v0x5b17f9a02bf0_0 .net *"_ivl_2", 0 0, L_0x5b17f9a036e0;  1 drivers
v0x5b17f9a02cd0_0 .net *"_ivl_4", 0 0, L_0x5b17f9a037a0;  1 drivers
v0x5b17f9a02d90_0 .net *"_ivl_6", 0 0, L_0x5b17f9a038b0;  1 drivers
v0x5b17f9a02e70_0 .net "a", 0 0, v0x5b17f9a03240_0;  1 drivers
v0x5b17f9a02f80_0 .net "b", 0 0, v0x5b17f9a03300_0;  1 drivers
v0x5b17f9a03040_0 .net "c", 0 0, v0x5b17f9a033d0_0;  1 drivers
v0x5b17f9a03100_0 .net "y", 0 0, L_0x5b17f9a03950;  alias, 1 drivers
    .scope S_0x5b17f99dea10;
T_0 ;
    %delay 8000, 0;
    %load/vec4 v0x5b17f9a03240_0;
    %inv;
    %store/vec4 v0x5b17f9a03240_0, 0, 1;
    %jmp T_0;
    .thread T_0;
    .scope S_0x5b17f99dea10;
T_1 ;
    %delay 4000, 0;
    %load/vec4 v0x5b17f9a03300_0;
    %inv;
    %store/vec4 v0x5b17f9a03300_0, 0, 1;
    %jmp T_1;
    .thread T_1;
    .scope S_0x5b17f99dea10;
T_2 ;
    %delay 2000, 0;
    %load/vec4 v0x5b17f9a033d0_0;
    %inv;
    %store/vec4 v0x5b17f9a033d0_0, 0, 1;
    %jmp T_2;
    .thread T_2;
    .scope S_0x5b17f99dea10;
T_3 ;
    %pushi/vec4 0, 0, 1;
    %store/vec4 v0x5b17f9a03240_0, 0, 1;
    %pushi/vec4 0, 0, 1;
    %store/vec4 v0x5b17f9a03300_0, 0, 1;
    %pushi/vec4 0, 0, 1;
    %store/vec4 v0x5b17f9a033d0_0, 0, 1;
    %vpi_call 2 28 "$dumpfile", "voter_tb.vcd" {0 0 0};
    %vpi_call 2 29 "$dumpvars", 32'sb00000000000000000000000000000000, S_0x5b17f99dea10 {0 0 0};
    %delay 16000, 0;
    %vpi_call 2 31 "$finish" {0 0 0};
    %end;
    .thread T_3;
# The file index is used to find the file name in the following table.
:file_names 4;
    "N/A";
    "<interactive>";
    "voter_tb.v";
    "voter.v";
