#! /usr/bin/vvp
:ivl_version "12.0 (stable)" "(v12_0-dirty)";
:ivl_delay_selection "TYPICAL";
:vpi_time_precision - 12;
:vpi_module "/usr/lib/ivl/system.vpi";
:vpi_module "/usr/lib/ivl/vhdl_sys.vpi";
:vpi_module "/usr/lib/ivl/vhdl_textio.vpi";
:vpi_module "/usr/lib/ivl/v2005_math.vpi";
:vpi_module "/usr/lib/ivl/va_math.vpi";
<<<<<<< HEAD
<<<<<<< HEAD
S_0x6003618f4480 .scope module, "test_RTL_multiply" "test_RTL_multiply" 2 3;
 .timescale -9 -12;
v0x600361921660_0 .var "clk", 0 0;
v0x600361921720_0 .net "done", 0 0, v0x600361920f70_0;  1 drivers
v0x6003619217c0_0 .var "multiplicand", 3 0;
v0x6003619218c0_0 .var "multiplier", 3 0;
v0x600361921990_0 .net "product", 7 0, v0x600361921320_0;  1 drivers
v0x600361921a30_0 .var "reset", 0 0;
v0x600361921b00_0 .var "start", 0 0;
E_0x6003618c7970 .event anyedge, v0x600361920f70_0;
S_0x600361905d10 .scope module, "uut" "RTL_multiply" 2 12, 3 3 0, S_0x6003618f4480;
=======
S_0x61453cd4c480 .scope module, "test_RTL_multiply" "test_RTL_multiply" 2 3;
 .timescale -9 -12;
v0x61453cd79660_0 .var "clk", 0 0;
v0x61453cd79720_0 .net "done", 0 0, v0x61453cd78f70_0;  1 drivers
v0x61453cd797c0_0 .var "multiplicand", 3 0;
v0x61453cd798c0_0 .var "multiplier", 3 0;
v0x61453cd79990_0 .net "product", 7 0, v0x61453cd79320_0;  1 drivers
v0x61453cd79a30_0 .var "reset", 0 0;
v0x61453cd79b00_0 .var "start", 0 0;
E_0x61453cd1f970 .event anyedge, v0x61453cd78f70_0;
S_0x61453cd5dd10 .scope module, "uut" "RTL_multiply" 2 12, 3 3 0, S_0x61453cd4c480;
>>>>>>> d12e2a4401f9228188c8c5807c4391515330296d
=======
S_0x6442f5ce9290 .scope module, "RTL_multiply" "RTL_multiply" 2 3;
>>>>>>> 7100060 (FIX: restore working + more descriptive rtl design)
 .timescale -9 -12;
    .port_info 0 /INPUT 1 "clk";
    .port_info 1 /INPUT 1 "reset";
    .port_info 2 /INPUT 1 "start";
    .port_info 3 /INPUT 4 "multiplicand";
    .port_info 4 /INPUT 4 "multiplier";
    .port_info 5 /OUTPUT 8 "product";
    .port_info 6 /OUTPUT 1 "done";
<<<<<<< HEAD
<<<<<<< HEAD
v0x6003618f1450_0 .var "P", 7 0;
v0x600361920d30_0 .var "busy", 0 0;
v0x600361920df0_0 .net "clk", 0 0, v0x600361921660_0;  1 drivers
v0x600361920e90_0 .var "count", 2 0;
v0x600361920f70_0 .var "done", 0 0;
v0x600361921080_0 .net "multiplicand", 3 0, v0x6003619217c0_0;  1 drivers
v0x600361921160_0 .net "multiplier", 3 0, v0x6003619218c0_0;  1 drivers
v0x600361921240_0 .var "next_P", 7 0;
v0x600361921320_0 .var "product", 7 0;
v0x600361921400_0 .net "reset", 0 0, v0x600361921a30_0;  1 drivers
v0x6003619214c0_0 .net "start", 0 0, v0x600361921b00_0;  1 drivers
E_0x600361900ca0 .event posedge, v0x600361921400_0, v0x600361920df0_0;
    .scope S_0x600361905d10;
T_0 ;
    %wait E_0x600361900ca0;
    %load/vec4 v0x600361921400_0;
    %flag_set/vec4 8;
    %jmp/0xz  T_0.0, 8;
    %pushi/vec4 0, 0, 8;
    %assign/vec4 v0x6003618f1450_0, 0;
    %pushi/vec4 0, 0, 3;
    %assign/vec4 v0x600361920e90_0, 0;
    %pushi/vec4 0, 0, 1;
    %assign/vec4 v0x600361920d30_0, 0;
    %pushi/vec4 0, 0, 8;
    %assign/vec4 v0x600361921320_0, 0;
    %pushi/vec4 0, 0, 1;
    %assign/vec4 v0x600361920f70_0, 0;
    %jmp T_0.1;
T_0.0 ;
    %load/vec4 v0x6003619214c0_0;
    %flag_set/vec4 9;
    %flag_get/vec4 9;
    %jmp/0 T_0.4, 9;
    %load/vec4 v0x600361920d30_0;
=======
v0x61453cd49450_0 .var "P", 7 0;
v0x61453cd78d30_0 .var "busy", 0 0;
v0x61453cd78df0_0 .net "clk", 0 0, v0x61453cd79660_0;  1 drivers
v0x61453cd78e90_0 .var "count", 2 0;
v0x61453cd78f70_0 .var "done", 0 0;
v0x61453cd79080_0 .net "multiplicand", 3 0, v0x61453cd797c0_0;  1 drivers
v0x61453cd79160_0 .net "multiplier", 3 0, v0x61453cd798c0_0;  1 drivers
v0x61453cd79240_0 .var "next_P", 7 0;
v0x61453cd79320_0 .var "product", 7 0;
v0x61453cd79400_0 .net "reset", 0 0, v0x61453cd79a30_0;  1 drivers
v0x61453cd794c0_0 .net "start", 0 0, v0x61453cd79b00_0;  1 drivers
E_0x61453cd58ca0 .event posedge, v0x61453cd79400_0, v0x61453cd78df0_0;
    .scope S_0x61453cd5dd10;
=======
v0x6442f5ce94d0_0 .var "P", 7 0;
v0x6442f5d37e70_0 .var "busy", 0 0;
o0x78057c313078 .functor BUFZ 1, C4<z>; HiZ drive
v0x6442f5d37f30_0 .net "clk", 0 0, o0x78057c313078;  0 drivers
v0x6442f5d37fd0_0 .var "count", 2 0;
v0x6442f5d380b0_0 .var "done", 0 0;
o0x78057c313108 .functor BUFZ 4, C4<zzzz>; HiZ drive
v0x6442f5d381c0_0 .net "multiplicand", 3 0, o0x78057c313108;  0 drivers
o0x78057c313138 .functor BUFZ 4, C4<zzzz>; HiZ drive
v0x6442f5d382a0_0 .net "multiplier", 3 0, o0x78057c313138;  0 drivers
v0x6442f5d38380_0 .var "next_P", 7 0;
v0x6442f5d38460_0 .var "product", 7 0;
o0x78057c3131c8 .functor BUFZ 1, C4<z>; HiZ drive
v0x6442f5d38540_0 .net "reset", 0 0, o0x78057c3131c8;  0 drivers
o0x78057c3131f8 .functor BUFZ 1, C4<z>; HiZ drive
v0x6442f5d38600_0 .net "start", 0 0, o0x78057c3131f8;  0 drivers
E_0x6442f5ce9bc0 .event posedge, v0x6442f5d38540_0, v0x6442f5d37f30_0;
    .scope S_0x6442f5ce9290;
>>>>>>> 7100060 (FIX: restore working + more descriptive rtl design)
T_0 ;
    %wait E_0x6442f5ce9bc0;
    %load/vec4 v0x6442f5d38540_0;
    %flag_set/vec4 8;
    %jmp/0xz  T_0.0, 8;
    %pushi/vec4 0, 0, 8;
    %assign/vec4 v0x6442f5ce94d0_0, 0;
    %pushi/vec4 0, 0, 3;
    %assign/vec4 v0x6442f5d37fd0_0, 0;
    %pushi/vec4 0, 0, 1;
    %assign/vec4 v0x6442f5d37e70_0, 0;
    %pushi/vec4 0, 0, 8;
    %assign/vec4 v0x6442f5d38460_0, 0;
    %pushi/vec4 0, 0, 1;
    %assign/vec4 v0x6442f5d380b0_0, 0;
    %jmp T_0.1;
T_0.0 ;
    %load/vec4 v0x6442f5d38600_0;
    %flag_set/vec4 9;
    %flag_get/vec4 9;
    %jmp/0 T_0.4, 9;
<<<<<<< HEAD
    %load/vec4 v0x61453cd78d30_0;
>>>>>>> d12e2a4401f9228188c8c5807c4391515330296d
=======
    %load/vec4 v0x6442f5d37e70_0;
>>>>>>> 7100060 (FIX: restore working + more descriptive rtl design)
    %nor/r;
    %and;
T_0.4;
    %flag_set/vec4 8;
    %jmp/0xz  T_0.2, 8;
    %pushi/vec4 0, 0, 4;
<<<<<<< HEAD
<<<<<<< HEAD
    %load/vec4 v0x600361921160_0;
    %concat/vec4; draw_concat_vec4
    %assign/vec4 v0x6003618f1450_0, 0;
    %pushi/vec4 0, 0, 3;
    %assign/vec4 v0x600361920e90_0, 0;
    %pushi/vec4 1, 0, 1;
    %assign/vec4 v0x600361920d30_0, 0;
    %pushi/vec4 0, 0, 1;
    %assign/vec4 v0x600361920f70_0, 0;
    %jmp T_0.3;
T_0.2 ;
    %load/vec4 v0x600361920d30_0;
    %flag_set/vec4 8;
    %jmp/0xz  T_0.5, 8;
    %load/vec4 v0x6003618f1450_0;
    %store/vec4 v0x600361921240_0, 0, 8;
    %load/vec4 v0x6003618f1450_0;
    %parti/s 1, 0, 2;
    %cmpi/e 1, 0, 1;
    %jmp/0xz  T_0.7, 4;
    %load/vec4 v0x600361921240_0;
    %parti/s 4, 4, 4;
    %load/vec4 v0x600361921080_0;
    %add;
    %ix/load 4, 4, 0;
    %flag_set/imm 4, 0;
    %store/vec4 v0x600361921240_0, 4, 4;
T_0.7 ;
    %pushi/vec4 0, 0, 1;
    %load/vec4 v0x600361921240_0;
    %parti/s 7, 1, 2;
    %concat/vec4; draw_concat_vec4
    %store/vec4 v0x600361921240_0, 0, 8;
    %load/vec4 v0x600361921240_0;
    %assign/vec4 v0x6003618f1450_0, 0;
    %load/vec4 v0x600361920e90_0;
    %addi 1, 0, 3;
    %assign/vec4 v0x600361920e90_0, 0;
    %load/vec4 v0x600361920e90_0;
    %cmpi/e 3, 0, 3;
    %jmp/0xz  T_0.9, 4;
    %pushi/vec4 0, 0, 1;
    %assign/vec4 v0x600361920d30_0, 0;
    %load/vec4 v0x600361921240_0;
    %assign/vec4 v0x600361921320_0, 0;
    %pushi/vec4 1, 0, 1;
    %assign/vec4 v0x600361920f70_0, 0;
=======
    %load/vec4 v0x61453cd79160_0;
=======
    %load/vec4 v0x6442f5d382a0_0;
>>>>>>> 7100060 (FIX: restore working + more descriptive rtl design)
    %concat/vec4; draw_concat_vec4
    %assign/vec4 v0x6442f5ce94d0_0, 0;
    %pushi/vec4 0, 0, 3;
    %assign/vec4 v0x6442f5d37fd0_0, 0;
    %pushi/vec4 1, 0, 1;
    %assign/vec4 v0x6442f5d37e70_0, 0;
    %pushi/vec4 0, 0, 1;
    %assign/vec4 v0x6442f5d380b0_0, 0;
    %jmp T_0.3;
T_0.2 ;
    %load/vec4 v0x6442f5d37e70_0;
    %flag_set/vec4 8;
    %jmp/0xz  T_0.5, 8;
    %load/vec4 v0x6442f5ce94d0_0;
    %store/vec4 v0x6442f5d38380_0, 0, 8;
    %load/vec4 v0x6442f5ce94d0_0;
    %parti/s 1, 0, 2;
    %cmpi/e 1, 0, 1;
    %jmp/0xz  T_0.7, 4;
    %load/vec4 v0x6442f5d38380_0;
    %parti/s 4, 4, 4;
    %load/vec4 v0x6442f5d381c0_0;
    %add;
    %ix/load 4, 4, 0;
    %flag_set/imm 4, 0;
    %store/vec4 v0x6442f5d38380_0, 4, 4;
T_0.7 ;
    %pushi/vec4 0, 0, 1;
    %load/vec4 v0x6442f5d38380_0;
    %parti/s 7, 1, 2;
    %concat/vec4; draw_concat_vec4
    %store/vec4 v0x6442f5d38380_0, 0, 8;
    %load/vec4 v0x6442f5d38380_0;
    %assign/vec4 v0x6442f5ce94d0_0, 0;
    %load/vec4 v0x6442f5d37fd0_0;
    %addi 1, 0, 3;
    %assign/vec4 v0x6442f5d37fd0_0, 0;
    %load/vec4 v0x6442f5d37fd0_0;
    %cmpi/e 3, 0, 3;
    %jmp/0xz  T_0.9, 4;
    %pushi/vec4 0, 0, 1;
    %assign/vec4 v0x6442f5d37e70_0, 0;
    %load/vec4 v0x6442f5d38380_0;
    %assign/vec4 v0x6442f5d38460_0, 0;
    %pushi/vec4 1, 0, 1;
<<<<<<< HEAD
    %assign/vec4 v0x61453cd78f70_0, 0;
>>>>>>> d12e2a4401f9228188c8c5807c4391515330296d
=======
    %assign/vec4 v0x6442f5d380b0_0, 0;
>>>>>>> 7100060 (FIX: restore working + more descriptive rtl design)
T_0.9 ;
    %jmp T_0.6;
T_0.5 ;
    %pushi/vec4 0, 0, 1;
<<<<<<< HEAD
<<<<<<< HEAD
    %assign/vec4 v0x600361920f70_0, 0;
=======
    %assign/vec4 v0x61453cd78f70_0, 0;
>>>>>>> d12e2a4401f9228188c8c5807c4391515330296d
=======
    %assign/vec4 v0x6442f5d380b0_0, 0;
>>>>>>> 7100060 (FIX: restore working + more descriptive rtl design)
T_0.6 ;
T_0.3 ;
T_0.1 ;
    %jmp T_0;
    .thread T_0;
<<<<<<< HEAD
<<<<<<< HEAD
    .scope S_0x6003618f4480;
T_1 ;
    %pushi/vec4 0, 0, 1;
    %store/vec4 v0x600361921660_0, 0, 1;
T_1.0 ;
    %delay 5000, 0;
    %load/vec4 v0x600361921660_0;
    %inv;
    %store/vec4 v0x600361921660_0, 0, 1;
    %jmp T_1.0;
    %end;
    .thread T_1;
    .scope S_0x6003618f4480;
T_2 ;
    %pushi/vec4 1, 0, 1;
    %store/vec4 v0x600361921a30_0, 0, 1;
    %pushi/vec4 0, 0, 1;
    %store/vec4 v0x600361921b00_0, 0, 1;
    %pushi/vec4 0, 0, 4;
    %store/vec4 v0x6003619217c0_0, 0, 4;
    %pushi/vec4 0, 0, 4;
    %store/vec4 v0x6003619218c0_0, 0, 4;
    %delay 10000, 0;
    %pushi/vec4 0, 0, 1;
    %store/vec4 v0x600361921a30_0, 0, 1;
    %delay 10000, 0;
    %pushi/vec4 4, 0, 4;
    %store/vec4 v0x6003619217c0_0, 0, 4;
    %pushi/vec4 3, 0, 4;
    %store/vec4 v0x6003619218c0_0, 0, 4;
    %pushi/vec4 1, 0, 1;
    %store/vec4 v0x600361921b00_0, 0, 1;
    %delay 10000, 0;
    %pushi/vec4 0, 0, 1;
    %store/vec4 v0x600361921b00_0, 0, 1;
T_2.0 ;
    %load/vec4 v0x600361921720_0;
=======
    .scope S_0x61453cd4c480;
T_1 ;
    %pushi/vec4 0, 0, 1;
    %store/vec4 v0x61453cd79660_0, 0, 1;
T_1.0 ;
    %delay 5000, 0;
    %load/vec4 v0x61453cd79660_0;
    %inv;
    %store/vec4 v0x61453cd79660_0, 0, 1;
    %jmp T_1.0;
    %end;
    .thread T_1;
    .scope S_0x61453cd4c480;
T_2 ;
    %pushi/vec4 1, 0, 1;
    %store/vec4 v0x61453cd79a30_0, 0, 1;
    %pushi/vec4 0, 0, 1;
    %store/vec4 v0x61453cd79b00_0, 0, 1;
    %pushi/vec4 0, 0, 4;
    %store/vec4 v0x61453cd797c0_0, 0, 4;
    %pushi/vec4 0, 0, 4;
    %store/vec4 v0x61453cd798c0_0, 0, 4;
    %delay 10000, 0;
    %pushi/vec4 0, 0, 1;
    %store/vec4 v0x61453cd79a30_0, 0, 1;
    %delay 10000, 0;
    %pushi/vec4 4, 0, 4;
    %store/vec4 v0x61453cd797c0_0, 0, 4;
    %pushi/vec4 3, 0, 4;
    %store/vec4 v0x61453cd798c0_0, 0, 4;
    %pushi/vec4 1, 0, 1;
    %store/vec4 v0x61453cd79b00_0, 0, 1;
    %delay 10000, 0;
    %pushi/vec4 0, 0, 1;
    %store/vec4 v0x61453cd79b00_0, 0, 1;
T_2.0 ;
    %load/vec4 v0x61453cd79720_0;
>>>>>>> d12e2a4401f9228188c8c5807c4391515330296d
    %pad/u 32;
    %pushi/vec4 1, 0, 32;
    %cmp/e;
    %flag_get/vec4 4;
    %cmpi/ne 1, 0, 1;
    %jmp/0xz T_2.1, 6;
<<<<<<< HEAD
    %wait E_0x6003618c7970;
    %jmp T_2.0;
T_2.1 ;
    %delay 10000, 0;
    %vpi_call 2 49 "$display", "Test 1: %d * %d = %d", v0x6003619217c0_0, v0x6003619218c0_0, v0x600361921990_0 {0 0 0};
    %delay 20000, 0;
    %pushi/vec4 1, 0, 1;
    %store/vec4 v0x600361921a30_0, 0, 1;
    %delay 10000, 0;
    %pushi/vec4 0, 0, 1;
    %store/vec4 v0x600361921a30_0, 0, 1;
    %delay 10000, 0;
    %pushi/vec4 7, 0, 4;
    %store/vec4 v0x6003619217c0_0, 0, 4;
    %pushi/vec4 9, 0, 4;
    %store/vec4 v0x6003619218c0_0, 0, 4;
    %pushi/vec4 1, 0, 1;
    %store/vec4 v0x600361921b00_0, 0, 1;
    %delay 10000, 0;
    %pushi/vec4 0, 0, 1;
    %store/vec4 v0x600361921b00_0, 0, 1;
T_2.2 ;
    %load/vec4 v0x600361921720_0;
=======
    %wait E_0x61453cd1f970;
    %jmp T_2.0;
T_2.1 ;
    %delay 10000, 0;
    %vpi_call 2 49 "$display", "Test 1: %d * %d = %d", v0x61453cd797c0_0, v0x61453cd798c0_0, v0x61453cd79990_0 {0 0 0};
    %delay 20000, 0;
    %pushi/vec4 1, 0, 1;
    %store/vec4 v0x61453cd79a30_0, 0, 1;
    %delay 10000, 0;
    %pushi/vec4 0, 0, 1;
    %store/vec4 v0x61453cd79a30_0, 0, 1;
    %delay 10000, 0;
    %pushi/vec4 7, 0, 4;
    %store/vec4 v0x61453cd797c0_0, 0, 4;
    %pushi/vec4 9, 0, 4;
    %store/vec4 v0x61453cd798c0_0, 0, 4;
    %pushi/vec4 1, 0, 1;
    %store/vec4 v0x61453cd79b00_0, 0, 1;
    %delay 10000, 0;
    %pushi/vec4 0, 0, 1;
    %store/vec4 v0x61453cd79b00_0, 0, 1;
T_2.2 ;
    %load/vec4 v0x61453cd79720_0;
>>>>>>> d12e2a4401f9228188c8c5807c4391515330296d
    %pad/u 32;
    %pushi/vec4 1, 0, 32;
    %cmp/e;
    %flag_get/vec4 4;
    %cmpi/ne 1, 0, 1;
    %jmp/0xz T_2.3, 6;
<<<<<<< HEAD
    %wait E_0x6003618c7970;
    %jmp T_2.2;
T_2.3 ;
    %delay 10000, 0;
    %vpi_call 2 66 "$display", "Test 2: %d * %d = %d", v0x6003619217c0_0, v0x6003619218c0_0, v0x600361921990_0 {0 0 0};
=======
    %wait E_0x61453cd1f970;
    %jmp T_2.2;
T_2.3 ;
    %delay 10000, 0;
    %vpi_call 2 66 "$display", "Test 2: %d * %d = %d", v0x61453cd797c0_0, v0x61453cd798c0_0, v0x61453cd79990_0 {0 0 0};
>>>>>>> d12e2a4401f9228188c8c5807c4391515330296d
    %delay 20000, 0;
    %vpi_call 2 69 "$finish" {0 0 0};
    %end;
    .thread T_2;
<<<<<<< HEAD
    .scope S_0x6003618f4480;
T_3 ;
    %vpi_call 2 74 "$display", " reset | start | multiplicand | multiplier | product | done" {0 0 0};
    %vpi_call 2 75 "$monitor", "   %b   |   %b   |      %d       |     %d     |   %d   |  %b", v0x600361921a30_0, v0x600361921b00_0, v0x6003619217c0_0, v0x6003619218c0_0, v0x600361921990_0, v0x600361921720_0 {0 0 0};
=======
    .scope S_0x61453cd4c480;
T_3 ;
    %vpi_call 2 74 "$display", " reset | start | multiplicand | multiplier | product | done" {0 0 0};
    %vpi_call 2 75 "$monitor", "   %b   |   %b   |      %d       |     %d     |   %d   |  %b", v0x61453cd79a30_0, v0x61453cd79b00_0, v0x61453cd797c0_0, v0x61453cd798c0_0, v0x61453cd79990_0, v0x61453cd79720_0 {0 0 0};
>>>>>>> d12e2a4401f9228188c8c5807c4391515330296d
    %end;
    .thread T_3;
=======
>>>>>>> 7100060 (FIX: restore working + more descriptive rtl design)
# The file index is used to find the file name in the following table.
:file_names 3;
    "N/A";
    "<interactive>";
    "RTL_multiplier.v";
