#! /usr/bin/vvp
:ivl_version "12.0 (stable)" "(v12_0-dirty)";
:ivl_delay_selection "TYPICAL";
:vpi_time_precision - 12;
:vpi_module "/usr/lib/ivl/system.vpi";
:vpi_module "/usr/lib/ivl/vhdl_sys.vpi";
:vpi_module "/usr/lib/ivl/vhdl_textio.vpi";
:vpi_module "/usr/lib/ivl/v2005_math.vpi";
:vpi_module "/usr/lib/ivl/va_math.vpi";
S_0x6005f1124b30 .scope module, "testaddsub" "testaddsub" 2 3;
 .timescale -9 -12;
v0x6005f114ac20_0 .var "a0", 0 0;
v0x6005f114ace0_0 .var "a1", 0 0;
v0x6005f114adb0_0 .var "a2", 0 0;
v0x6005f114aeb0_0 .var "a3", 0 0;
v0x6005f114af80_0 .var "b0", 0 0;
v0x6005f114b020_0 .var "b1", 0 0;
v0x6005f114b0f0_0 .var "b2", 0 0;
v0x6005f114b1c0_0 .var "b3", 0 0;
v0x6005f114b290_0 .net "co", 0 0, L_0x6005f114b770;  1 drivers
v0x6005f114b360_0 .var "control", 0 0;
v0x6005f114b430_0 .net "r0", 0 0, L_0x6005f114bb60;  1 drivers
v0x6005f114b500_0 .net "r1", 0 0, L_0x6005f114ba40;  1 drivers
v0x6005f114b5d0_0 .net "r2", 0 0, L_0x6005f114b950;  1 drivers
v0x6005f114b6a0_0 .net "r3", 0 0, L_0x6005f114b810;  1 drivers
S_0x6005f1124cc0 .scope module, "uut" "addsub" 2 14, 3 1 0, S_0x6005f1124b30;
 .timescale 0 0;
    .port_info 0 /OUTPUT 1 "co";
    .port_info 1 /OUTPUT 1 "r3";
    .port_info 2 /OUTPUT 1 "r2";
    .port_info 3 /OUTPUT 1 "r1";
    .port_info 4 /OUTPUT 1 "r0";
    .port_info 5 /INPUT 1 "a3";
    .port_info 6 /INPUT 1 "a2";
    .port_info 7 /INPUT 1 "a1";
    .port_info 8 /INPUT 1 "a0";
    .port_info 9 /INPUT 1 "b3";
    .port_info 10 /INPUT 1 "b2";
    .port_info 11 /INPUT 1 "b1";
    .port_info 12 /INPUT 1 "b0";
    .port_info 13 /INPUT 1 "control";
L_0x7b716da6e060 .functor BUFT 1, C4<00000000000000000000000000000000>, C4<0>, C4<0>, C4<0>;
v0x6005f10e92b0_0 .net/2u *"_ivl_10", 31 0, L_0x7b716da6e060;  1 drivers
v0x6005f1149010_0 .net *"_ivl_12", 0 0, L_0x6005f115bd90;  1 drivers
v0x6005f11490d0_0 .net *"_ivl_14", 3 0, L_0x6005f115bed0;  1 drivers
v0x6005f1149190_0 .net *"_ivl_16", 4 0, L_0x6005f115c100;  1 drivers
L_0x7b716da6e0a8 .functor BUFT 1, C4<0>, C4<0>, C4<0>, C4<0>;
v0x6005f1149270_0 .net *"_ivl_19", 0 0, L_0x7b716da6e0a8;  1 drivers
v0x6005f11493a0_0 .net *"_ivl_20", 3 0, L_0x6005f115c240;  1 drivers
v0x6005f1149480_0 .net *"_ivl_22", 4 0, L_0x6005f115c480;  1 drivers
L_0x7b716da6e0f0 .functor BUFT 1, C4<0>, C4<0>, C4<0>, C4<0>;
v0x6005f1149560_0 .net *"_ivl_25", 0 0, L_0x7b716da6e0f0;  1 drivers
v0x6005f1149640_0 .net *"_ivl_26", 4 0, L_0x6005f115c570;  1 drivers
v0x6005f1149720_0 .net *"_ivl_28", 3 0, L_0x6005f115c720;  1 drivers
v0x6005f1149800_0 .net *"_ivl_30", 4 0, L_0x6005f115c7c0;  1 drivers
L_0x7b716da6e138 .functor BUFT 1, C4<0>, C4<0>, C4<0>, C4<0>;
v0x6005f11498e0_0 .net *"_ivl_33", 0 0, L_0x7b716da6e138;  1 drivers
v0x6005f11499c0_0 .net *"_ivl_34", 3 0, L_0x6005f115c9d0;  1 drivers
v0x6005f1149aa0_0 .net *"_ivl_36", 4 0, L_0x6005f115ca70;  1 drivers
L_0x7b716da6e180 .functor BUFT 1, C4<0>, C4<0>, C4<0>, C4<0>;
v0x6005f1149b80_0 .net *"_ivl_39", 0 0, L_0x7b716da6e180;  1 drivers
v0x6005f1149c60_0 .net *"_ivl_40", 4 0, L_0x6005f115cc40;  1 drivers
v0x6005f1149d40_0 .net *"_ivl_42", 4 0, L_0x6005f115cd80;  1 drivers
v0x6005f1149e20_0 .net *"_ivl_6", 31 0, L_0x6005f114bc00;  1 drivers
L_0x7b716da6e018 .functor BUFT 1, C4<0000000000000000000000000000000>, C4<0>, C4<0>, C4<0>;
v0x6005f1149f00_0 .net *"_ivl_9", 30 0, L_0x7b716da6e018;  1 drivers
v0x6005f1149fe0_0 .net "a0", 0 0, v0x6005f114ac20_0;  1 drivers
v0x6005f114a0a0_0 .net "a1", 0 0, v0x6005f114ace0_0;  1 drivers
v0x6005f114a160_0 .net "a2", 0 0, v0x6005f114adb0_0;  1 drivers
v0x6005f114a220_0 .net "a3", 0 0, v0x6005f114aeb0_0;  1 drivers
v0x6005f114a2e0_0 .net "b0", 0 0, v0x6005f114af80_0;  1 drivers
v0x6005f114a3a0_0 .net "b1", 0 0, v0x6005f114b020_0;  1 drivers
v0x6005f114a460_0 .net "b2", 0 0, v0x6005f114b0f0_0;  1 drivers
v0x6005f114a520_0 .net "b3", 0 0, v0x6005f114b1c0_0;  1 drivers
v0x6005f114a5e0_0 .net "co", 0 0, L_0x6005f114b770;  alias, 1 drivers
v0x6005f114a6a0_0 .net "control", 0 0, v0x6005f114b360_0;  1 drivers
v0x6005f114a760_0 .net "r0", 0 0, L_0x6005f114bb60;  alias, 1 drivers
v0x6005f114a820_0 .net "r1", 0 0, L_0x6005f114ba40;  alias, 1 drivers
v0x6005f114a8e0_0 .net "r2", 0 0, L_0x6005f114b950;  alias, 1 drivers
v0x6005f114a9a0_0 .net "r3", 0 0, L_0x6005f114b810;  alias, 1 drivers
L_0x6005f114b770 .part L_0x6005f115cd80, 4, 1;
L_0x6005f114b810 .part L_0x6005f115cd80, 3, 1;
L_0x6005f114b950 .part L_0x6005f115cd80, 2, 1;
L_0x6005f114ba40 .part L_0x6005f115cd80, 1, 1;
L_0x6005f114bb60 .part L_0x6005f115cd80, 0, 1;
L_0x6005f114bc00 .concat [ 1 31 0 0], v0x6005f114b360_0, L_0x7b716da6e018;
L_0x6005f115bd90 .cmp/eq 32, L_0x6005f114bc00, L_0x7b716da6e060;
L_0x6005f115bed0 .concat [ 1 1 1 1], v0x6005f114ac20_0, v0x6005f114ace0_0, v0x6005f114adb0_0, v0x6005f114aeb0_0;
L_0x6005f115c100 .concat [ 4 1 0 0], L_0x6005f115bed0, L_0x7b716da6e0a8;
L_0x6005f115c240 .concat [ 1 1 1 1], v0x6005f114af80_0, v0x6005f114b020_0, v0x6005f114b0f0_0, v0x6005f114b1c0_0;
L_0x6005f115c480 .concat [ 4 1 0 0], L_0x6005f115c240, L_0x7b716da6e0f0;
L_0x6005f115c570 .arith/sum 5, L_0x6005f115c100, L_0x6005f115c480;
L_0x6005f115c720 .concat [ 1 1 1 1], v0x6005f114ac20_0, v0x6005f114ace0_0, v0x6005f114adb0_0, v0x6005f114aeb0_0;
L_0x6005f115c7c0 .concat [ 4 1 0 0], L_0x6005f115c720, L_0x7b716da6e138;
L_0x6005f115c9d0 .concat [ 1 1 1 1], v0x6005f114af80_0, v0x6005f114b020_0, v0x6005f114b0f0_0, v0x6005f114b1c0_0;
L_0x6005f115ca70 .concat [ 4 1 0 0], L_0x6005f115c9d0, L_0x7b716da6e180;
L_0x6005f115cc40 .arith/sub 5, L_0x6005f115c7c0, L_0x6005f115ca70;
L_0x6005f115cd80 .functor MUXZ 5, L_0x6005f115cc40, L_0x6005f115c570, L_0x6005f115bd90, C4<>;
    .scope S_0x6005f1124b30;
T_0 ;
    %vpi_call 2 24 "$dumpfile", "testaddsub.vcd" {0 0 0};
    %vpi_call 2 25 "$dumpvars", 32'sb00000000000000000000000000000000, S_0x6005f1124b30 {0 0 0};
    %vpi_call 2 27 "$display", " a3a2a1a0  b3b2b1b0  control  |  co r3r2r1r0 | num1 | num2 " {0 0 0};
    %vpi_call 2 28 "$display", "-----------------------------------------" {0 0 0};
    %end;
    .thread T_0;
    .scope S_0x6005f1124b30;
T_1 ;
    %load/vec4 v0x6005f114aeb0_0;
    %load/vec4 v0x6005f114adb0_0;
    %concat/vec4; draw_concat_vec4
    %load/vec4 v0x6005f114ace0_0;
    %concat/vec4; draw_concat_vec4
    %load/vec4 v0x6005f114ac20_0;
    %concat/vec4; draw_concat_vec4
    %load/vec4 v0x6005f114b1c0_0;
    %load/vec4 v0x6005f114b0f0_0;
    %concat/vec4; draw_concat_vec4
    %load/vec4 v0x6005f114b020_0;
    %concat/vec4; draw_concat_vec4
    %load/vec4 v0x6005f114af80_0;
    %concat/vec4; draw_concat_vec4
    %vpi_call 2 33 "$monitor", "   %b%b%b%b     %b%b%b%b      %b     |   %b %b%b%b%b | %d | %d", v0x6005f114aeb0_0, v0x6005f114adb0_0, v0x6005f114ace0_0, v0x6005f114ac20_0, v0x6005f114b1c0_0, v0x6005f114b0f0_0, v0x6005f114b020_0, v0x6005f114af80_0, v0x6005f114b360_0, v0x6005f114b290_0, v0x6005f114b6a0_0, v0x6005f114b5d0_0, v0x6005f114b500_0, v0x6005f114b430_0, S<1,vec4,u4>, S<0,vec4,u4> {2 0 0};
    %end;
    .thread T_1;
    .scope S_0x6005f1124b30;
T_2 ;
    %pushi/vec4 0, 0, 1;
    %store/vec4 v0x6005f114aeb0_0, 0, 1;
    %pushi/vec4 1, 0, 1;
    %store/vec4 v0x6005f114adb0_0, 0, 1;
    %pushi/vec4 0, 0, 1;
    %store/vec4 v0x6005f114ace0_0, 0, 1;
    %pushi/vec4 0, 0, 1;
    %store/vec4 v0x6005f114ac20_0, 0, 1;
    %pushi/vec4 0, 0, 1;
    %store/vec4 v0x6005f114b1c0_0, 0, 1;
    %pushi/vec4 0, 0, 1;
    %store/vec4 v0x6005f114b0f0_0, 0, 1;
    %pushi/vec4 1, 0, 1;
    %store/vec4 v0x6005f114b020_0, 0, 1;
    %pushi/vec4 1, 0, 1;
    %store/vec4 v0x6005f114af80_0, 0, 1;
    %pushi/vec4 0, 0, 1;
    %store/vec4 v0x6005f114b360_0, 0, 1;
    %delay 10000, 0;
    %pushi/vec4 1, 0, 1;
    %store/vec4 v0x6005f114aeb0_0, 0, 1;
    %pushi/vec4 0, 0, 1;
    %store/vec4 v0x6005f114adb0_0, 0, 1;
    %pushi/vec4 0, 0, 1;
    %store/vec4 v0x6005f114ace0_0, 0, 1;
    %pushi/vec4 1, 0, 1;
    %store/vec4 v0x6005f114ac20_0, 0, 1;
    %pushi/vec4 1, 0, 1;
    %store/vec4 v0x6005f114b1c0_0, 0, 1;
    %pushi/vec4 0, 0, 1;
    %store/vec4 v0x6005f114b0f0_0, 0, 1;
    %pushi/vec4 0, 0, 1;
    %store/vec4 v0x6005f114b020_0, 0, 1;
    %pushi/vec4 0, 0, 1;
    %store/vec4 v0x6005f114af80_0, 0, 1;
    %pushi/vec4 0, 0, 1;
    %store/vec4 v0x6005f114b360_0, 0, 1;
    %delay 10000, 0;
    %pushi/vec4 0, 0, 1;
    %store/vec4 v0x6005f114aeb0_0, 0, 1;
    %pushi/vec4 1, 0, 1;
    %store/vec4 v0x6005f114adb0_0, 0, 1;
    %pushi/vec4 1, 0, 1;
    %store/vec4 v0x6005f114ace0_0, 0, 1;
    %pushi/vec4 1, 0, 1;
    %store/vec4 v0x6005f114ac20_0, 0, 1;
    %pushi/vec4 0, 0, 1;
    %store/vec4 v0x6005f114b1c0_0, 0, 1;
    %pushi/vec4 1, 0, 1;
    %store/vec4 v0x6005f114b0f0_0, 0, 1;
    %pushi/vec4 0, 0, 1;
    %store/vec4 v0x6005f114b020_0, 0, 1;
    %pushi/vec4 0, 0, 1;
    %store/vec4 v0x6005f114af80_0, 0, 1;
    %pushi/vec4 1, 0, 1;
    %store/vec4 v0x6005f114b360_0, 0, 1;
    %delay 10000, 0;
    %pushi/vec4 0, 0, 1;
    %store/vec4 v0x6005f114aeb0_0, 0, 1;
    %pushi/vec4 0, 0, 1;
    %store/vec4 v0x6005f114adb0_0, 0, 1;
    %pushi/vec4 1, 0, 1;
    %store/vec4 v0x6005f114ace0_0, 0, 1;
    %pushi/vec4 1, 0, 1;
    %store/vec4 v0x6005f114ac20_0, 0, 1;
    %pushi/vec4 0, 0, 1;
    %store/vec4 v0x6005f114b1c0_0, 0, 1;
    %pushi/vec4 1, 0, 1;
    %store/vec4 v0x6005f114b0f0_0, 0, 1;
    %pushi/vec4 0, 0, 1;
    %store/vec4 v0x6005f114b020_0, 0, 1;
    %pushi/vec4 1, 0, 1;
    %store/vec4 v0x6005f114af80_0, 0, 1;
    %pushi/vec4 1, 0, 1;
    %store/vec4 v0x6005f114b360_0, 0, 1;
    %delay 10000, 0;
    %pushi/vec4 0, 0, 1;
    %store/vec4 v0x6005f114aeb0_0, 0, 1;
    %pushi/vec4 1, 0, 1;
    %store/vec4 v0x6005f114adb0_0, 0, 1;
    %pushi/vec4 1, 0, 1;
    %store/vec4 v0x6005f114ace0_0, 0, 1;
    %pushi/vec4 0, 0, 1;
    %store/vec4 v0x6005f114ac20_0, 0, 1;
    %pushi/vec4 1, 0, 1;
    %store/vec4 v0x6005f114b1c0_0, 0, 1;
    %pushi/vec4 0, 0, 1;
    %store/vec4 v0x6005f114b0f0_0, 0, 1;
    %pushi/vec4 1, 0, 1;
    %store/vec4 v0x6005f114b020_0, 0, 1;
    %pushi/vec4 0, 0, 1;
    %store/vec4 v0x6005f114af80_0, 0, 1;
    %pushi/vec4 0, 0, 1;
    %store/vec4 v0x6005f114b360_0, 0, 1;
    %delay 10000, 0;
    %vpi_call 2 80 "$finish" {0 0 0};
    %end;
    .thread T_2;
# The file index is used to find the file name in the following table.
:file_names 4;
    "N/A";
    "<interactive>";
    "testaddsub.v";
    "addsub.v";
