#! /usr/bin/vvp
:ivl_version "12.0 (stable)" "(v12_0-dirty)";
:ivl_delay_selection "TYPICAL";
:vpi_time_precision - 12;
:vpi_module "/usr/lib/ivl/system.vpi";
:vpi_module "/usr/lib/ivl/vhdl_sys.vpi";
:vpi_module "/usr/lib/ivl/vhdl_textio.vpi";
:vpi_module "/usr/lib/ivl/v2005_math.vpi";
:vpi_module "/usr/lib/ivl/va_math.vpi";
S_0x64f440bc0ed0 .scope module, "testMreg" "testMreg" 2 4;
 .timescale -9 -12;
v0x64f440be77d0_0 .var "clk", 0 0;
v0x64f440be7890_0 .var "data_in", 7 0;
v0x64f440be7960_0 .net "data_out", 7 0, v0x64f440be75d0_0;  1 drivers
v0x64f440be7a60_0 .var "reset", 0 0;
S_0x64f440bc17f0 .scope module, "uut" "Mreg" 2 13, 3 2 0, S_0x64f440bc0ed0;
 .timescale 0 0;
    .port_info 0 /INPUT 1 "clk";
    .port_info 1 /INPUT 1 "reset";
    .port_info 2 /INPUT 8 "data_in";
    .port_info 3 /OUTPUT 8 "data_out";
v0x64f440bd3e90_0 .net "clk", 0 0, v0x64f440be77d0_0;  1 drivers
v0x64f440be74f0_0 .net "data_in", 7 0, v0x64f440be7890_0;  1 drivers
v0x64f440be75d0_0 .var "data_out", 7 0;
v0x64f440be7690_0 .net "reset", 0 0, v0x64f440be7a60_0;  1 drivers
E_0x64f440b9ad60 .event posedge, v0x64f440be7690_0, v0x64f440bd3e90_0;
    .scope S_0x64f440bc17f0;
T_0 ;
    %pushi/vec4 0, 0, 8;
    %store/vec4 v0x64f440be75d0_0, 0, 8;
    %end;
    .thread T_0;
    .scope S_0x64f440bc17f0;
T_1 ;
    %wait E_0x64f440b9ad60;
    %load/vec4 v0x64f440be7690_0;
    %flag_set/vec4 8;
    %jmp/0xz  T_1.0, 8;
    %pushi/vec4 0, 0, 8;
    %assign/vec4 v0x64f440be75d0_0, 0;
    %jmp T_1.1;
T_1.0 ;
    %load/vec4 v0x64f440be74f0_0;
    %assign/vec4 v0x64f440be75d0_0, 0;
T_1.1 ;
    %jmp T_1;
    .thread T_1;
    .scope S_0x64f440bc0ed0;
T_2 ;
    %delay 2000, 0;
    %load/vec4 v0x64f440be77d0_0;
    %inv;
    %store/vec4 v0x64f440be77d0_0, 0, 1;
    %jmp T_2;
    .thread T_2;
    .scope S_0x64f440bc0ed0;
T_3 ;
    %delay 4000, 0;
    %load/vec4 v0x64f440be7890_0;
    %addi 1, 0, 8;
    %store/vec4 v0x64f440be7890_0, 0, 8;
    %jmp T_3;
    .thread T_3;
    .scope S_0x64f440bc0ed0;
T_4 ;
    %delay 3000, 0;
    %load/vec4 v0x64f440be7a60_0;
    %inv;
    %store/vec4 v0x64f440be7a60_0, 0, 1;
    %jmp T_4;
    .thread T_4;
    .scope S_0x64f440bc0ed0;
T_5 ;
    %pushi/vec4 0, 0, 1;
    %store/vec4 v0x64f440be77d0_0, 0, 1;
    %pushi/vec4 0, 0, 1;
    %store/vec4 v0x64f440be7a60_0, 0, 1;
    %pushi/vec4 0, 0, 8;
    %store/vec4 v0x64f440be7890_0, 0, 8;
    %vpi_call 2 33 "$dumpfile", "testMreg.vcd" {0 0 0};
    %vpi_call 2 34 "$dumpvars", 32'sb00000000000000000000000000000000, S_0x64f440bc0ed0 {0 0 0};
    %vpi_call 2 35 "$display", " table.header[*clk*][*reset*][Data_in][Data_out]," {0 0 0};
    %vpi_call 2 36 "$monitor", "[*%b*],[*%b*],[%b],[%b],", v0x64f440be77d0_0, v0x64f440be7a60_0, v0x64f440be7890_0, v0x64f440be7960_0 {0 0 0};
    %delay 50000, 0;
    %vpi_call 2 38 "$finish" {0 0 0};
    %end;
    .thread T_5;
# The file index is used to find the file name in the following table.
:file_names 4;
    "N/A";
    "<interactive>";
    "testMreg.v";
    "mreg.v";
