#! /usr/bin/vvp
:ivl_version "12.0 (stable)" "(v12_0-dirty)";
:ivl_delay_selection "TYPICAL";
:vpi_time_precision + 0;
:vpi_module "/usr/lib/ivl/system.vpi";
:vpi_module "/usr/lib/ivl/vhdl_sys.vpi";
:vpi_module "/usr/lib/ivl/vhdl_textio.vpi";
:vpi_module "/usr/lib/ivl/v2005_math.vpi";
:vpi_module "/usr/lib/ivl/va_math.vpi";
S_0x60a800818150 .scope module, "par_gen" "par_gen" 2 5;
 .timescale 0 0;
    .port_info 0 /INPUT 7 "tt_in";
    .port_info 1 /OUTPUT 8 "pdata";
o0x700b4c8e5018 .functor BUFZ 8, C4<zzzzzzzz>; HiZ drive
v0x60a8008182e0_0 .net "pdata", 7 0, o0x700b4c8e5018;  0 drivers
o0x700b4c8e5048 .functor BUFZ 7, C4<zzzzzzz>; HiZ drive
v0x60a80085de80_0 .net "tt_in", 6 0, o0x700b4c8e5048;  0 drivers
# The file index is used to find the file name in the following table.
:file_names 3;
    "N/A";
    "<interactive>";
    "parity_gen.v";
